<?xml version="1.0" encoding="UTF-8"?>
<testsuite xmlns:xsi="http://www.w3.org/2001/XMLSchema-instance" xsi:noNamespaceSchemaLocation="https://maven.apache.org/surefire/maven-surefire-plugin/xsd/surefire-test-report.xsd" name="com.cognizant.ms.controller.PensionDetailControllerTest" time="24.308" tests="3" errors="0" skipped="0" failures="0">
  <properties>
[...]
</properties>
  <testcase name="getAllPensionersDetailsTest" classname="com.cognizant.ms.controller.PensionDetailControllerTest" time="0.075"/>
  <testcase name="testNotNullPensionDetailController" classname="com.cognizant.ms.controller.PensionDetailControllerTest" time="0.006"/>
  <testcase name="findByAadhaarNumberTest" classname="com.cognizant.ms.controller.PensionDetailControllerTest" time="0.042"/>
</testsuite>